[debug] [2022-12-30T01:02:54.162Z] ----------------------------------------------------------------------
[debug] [2022-12-30T01:02:54.163Z] Command:       /usr/local/bin/node /usr/local/bin/firebase init
[debug] [2022-12-30T01:02:54.163Z] CLI Version:   11.19.0
[debug] [2022-12-30T01:02:54.164Z] Platform:      darwin
[debug] [2022-12-30T01:02:54.164Z] Node Version:  v18.6.0
[debug] [2022-12-30T01:02:54.164Z] Time:          Thu Dec 29 2022 20:02:54 GMT-0500 (Eastern Standard Time)
[debug] [2022-12-30T01:02:54.165Z] ----------------------------------------------------------------------
[debug] 
[debug] [2022-12-30T01:02:54.169Z] > command requires scopes: ["email","openid","https://www.googleapis.com/auth/cloudplatformprojects.readonly","https://www.googleapis.com/auth/firebase","https://www.googleapis.com/auth/cloud-platform"]
[debug] [2022-12-30T01:02:54.169Z] > authorizing via signed-in user (jglevy@princeton.edu)
[info] 
     ######## #### ########  ######## ########     ###     ######  ########
     ##        ##  ##     ## ##       ##     ##  ##   ##  ##       ##
     ######    ##  ########  ######   ########  #########  ######  ######
     ##        ##  ##    ##  ##       ##     ## ##     ##       ## ##
     ##       #### ##     ## ######## ########  ##     ##  ######  ########

You're about to initialize a Firebase project in this directory:

  /Users/jasperlevy/portfolio

[info] 
=== Project Setup
[info] 
[info] First, let's associate this project directory with a Firebase project.
[info] You can create multiple project aliases by running firebase use --add, 
[info] but for now we'll just set up a default project.
[info] 
[info] i  If you want to create a project in a Google Cloud organization or folder, please use "firebase projects:create" instead, and return to this command when you've created the project. 
[debug] [2022-12-30T01:03:33.150Z] >>> [apiv2][query] POST https://cloudresourcemanager.googleapis.com/v1/projects [none]
[debug] [2022-12-30T01:03:33.150Z] >>> [apiv2][body] POST https://cloudresourcemanager.googleapis.com/v1/projects {"projectId":"jasperportfolio","name":"jasperportfolio"}
[debug] [2022-12-30T01:03:33.466Z] <<< [apiv2][status] POST https://cloudresourcemanager.googleapis.com/v1/projects 400
[debug] [2022-12-30T01:03:33.466Z] <<< [apiv2][body] POST https://cloudresourcemanager.googleapis.com/v1/projects {"error":{"code":400,"message":"Cloud Resource Manager project creation is disabled. Contact your administrator to enable this setting in the Google Cloud Platform service in the Google Workspace Admin console. See https://support.google.com/a/answer/9197205 for more information.","status":"FAILED_PRECONDITION","details":[{"@type":"type.googleapis.com/google.rpc.PreconditionFailure","violations":[{"type":"SERVICE","description":"Cloud Resource Manager project creation is disabled. Contact your administrator to enable this setting in the Google Cloud Platform service in the Google Workspace Admin console. See https://support.google.com/a/answer/9197205 for more information."}]}]}}
[debug] [2022-12-30T01:03:33.536Z] FirebaseError: HTTP Error: 400, Cloud Resource Manager project creation is disabled. Contact your administrator to enable this setting in the Google Cloud Platform service in the Google Workspace Admin console. See https://support.google.com/a/answer/9197205 for more information.
    at responseToError (/usr/local/lib/node_modules/firebase-tools/lib/responseToError.js:49:12)
    at RetryOperation._fn (/usr/local/lib/node_modules/firebase-tools/lib/apiv2.js:288:77)
    at process.processTicksAndRejections (node:internal/process/task_queues:95:5)
[error] 
[error] Error: Failed to create project. See firebase-debug.log for more info.
[debug] [2022-12-30T01:05:13.974Z] ----------------------------------------------------------------------
[debug] [2022-12-30T01:05:13.976Z] Command:       /usr/local/bin/node /usr/local/bin/firebase projects:create
[debug] [2022-12-30T01:05:13.976Z] CLI Version:   11.19.0
[debug] [2022-12-30T01:05:13.976Z] Platform:      darwin
[debug] [2022-12-30T01:05:13.976Z] Node Version:  v18.6.0
[debug] [2022-12-30T01:05:13.978Z] Time:          Thu Dec 29 2022 20:05:13 GMT-0500 (Eastern Standard Time)
[debug] [2022-12-30T01:05:13.978Z] ----------------------------------------------------------------------
[debug] 
[debug] [2022-12-30T01:05:13.984Z] > command requires scopes: ["email","openid","https://www.googleapis.com/auth/cloudplatformprojects.readonly","https://www.googleapis.com/auth/firebase","https://www.googleapis.com/auth/cloud-platform"]
[debug] [2022-12-30T01:05:13.984Z] > authorizing via signed-in user (jglevy@princeton.edu)
[debug] [2022-12-30T01:05:29.023Z] >>> [apiv2][query] POST https://cloudresourcemanager.googleapis.com/v1/projects [none]
[debug] [2022-12-30T01:05:29.024Z] >>> [apiv2][body] POST https://cloudresourcemanager.googleapis.com/v1/projects {"projectId":"jasperportfolio","name":"jasperportfolio"}
[debug] [2022-12-30T01:05:29.232Z] <<< [apiv2][status] POST https://cloudresourcemanager.googleapis.com/v1/projects 400
[debug] [2022-12-30T01:05:29.233Z] <<< [apiv2][body] POST https://cloudresourcemanager.googleapis.com/v1/projects {"error":{"code":400,"message":"Cloud Resource Manager project creation is disabled. Contact your administrator to enable this setting in the Google Cloud Platform service in the Google Workspace Admin console. See https://support.google.com/a/answer/9197205 for more information.","status":"FAILED_PRECONDITION","details":[{"@type":"type.googleapis.com/google.rpc.PreconditionFailure","violations":[{"type":"SERVICE","description":"Cloud Resource Manager project creation is disabled. Contact your administrator to enable this setting in the Google Cloud Platform service in the Google Workspace Admin console. See https://support.google.com/a/answer/9197205 for more information."}]}]}}
[debug] [2022-12-30T01:05:29.347Z] FirebaseError: HTTP Error: 400, Cloud Resource Manager project creation is disabled. Contact your administrator to enable this setting in the Google Cloud Platform service in the Google Workspace Admin console. See https://support.google.com/a/answer/9197205 for more information.
    at responseToError (/usr/local/lib/node_modules/firebase-tools/lib/responseToError.js:49:12)
    at RetryOperation._fn (/usr/local/lib/node_modules/firebase-tools/lib/apiv2.js:288:77)
    at process.processTicksAndRejections (node:internal/process/task_queues:95:5)
[error] 
[error] Error: Failed to create project. See firebase-debug.log for more info.
